Watching for file changes with StatReloader
[25/Jun/2026 10:58:52] "GET / HTTP/1.1" 200 6112
[25/Jun/2026 10:58:53] "POST / HTTP/1.1" 302 0
[25/Jun/2026 10:58:53] "GET /mapping/ HTTP/1.1" 200 9397
[25/Jun/2026 10:58:54] "POST /mapping/ HTTP/1.1" 302 0
[25/Jun/2026 10:58:54] "GET /dashboard/ HTTP/1.1" 200 24673
[25/Jun/2026 10:58:56] "GET /network/ HTTP/1.1" 200 7636
[25/Jun/2026 10:58:59] "GET /fraud/ HTTP/1.1" 200 6494
[25/Jun/2026 10:59:01] "POST /fraud/ HTTP/1.1" 200 6494
/app/core/models.py changed, reloading.
Performing system checks...

System check identified no issues (0 silenced).
June 25, 2026 - 10:58:47
Django version 5.2.15, using settings 'pharmascan_project.settings'
Starting development server at http://0.0.0.0:8000/
Quit the server with CONTROL-C.

WARNING: This is a development server. Do not use it in a production setting. Use a production WSGI or ASGI server instead.
For more information on production servers see: https://docs.djangoproject.com/en/5.2/howto/deployment/
/app/core/models.py changed, reloading.
Performing system checks...

Watching for file changes with StatReloader
Watching for file changes with StatReloader
Error: That port is already in use.
/app/pharmascan_project/settings.py changed, reloading.
Performing system checks...

System check identified no issues (0 silenced).
June 25, 2026 - 13:12:20
Django version 5.2.15, using settings 'pharmascan_project.settings'
Starting development server at http://0.0.0.0:8000/
Quit the server with CONTROL-C.

WARNING: This is a development server. Do not use it in a production setting. Use a production WSGI or ASGI server instead.
For more information on production servers see: https://docs.djangoproject.com/en/5.2/howto/deployment/
Traceback (most recent call last):
  File "/home/jules/.pyenv/versions/3.12.13/lib/python3.12/site-packages/django/core/management/base.py", line 420, in run_from_argv
    self.execute(*args, **cmd_options)
  File "/home/jules/.pyenv/versions/3.12.13/lib/python3.12/site-packages/django/core/management/commands/runserver.py", line 69, in execute
    super().execute(*args, **options)
  File "/home/jules/.pyenv/versions/3.12.13/lib/python3.12/site-packages/django/core/management/base.py", line 464, in execute
    output = self.handle(*args, **options)
             ^^^^^^^^^^^^^^^^^^^^^^^^^^^^^
  File "/home/jules/.pyenv/versions/3.12.13/lib/python3.12/site-packages/django/core/management/commands/runserver.py", line 80, in handle
    if not settings.DEBUG and not settings.ALLOWED_HOSTS:
           ^^^^^^^^^^^^^^
  File "/home/jules/.pyenv/versions/3.12.13/lib/python3.12/site-packages/django/conf/__init__.py", line 81, in __getattr__
    self._setup(name)
  File "/home/jules/.pyenv/versions/3.12.13/lib/python3.12/site-packages/django/conf/__init__.py", line 68, in _setup
    self._wrapped = Settings(settings_module)
                    ^^^^^^^^^^^^^^^^^^^^^^^^^
  File "/home/jules/.pyenv/versions/3.12.13/lib/python3.12/site-packages/django/conf/__init__.py", line 166, in __init__
    mod = importlib.import_module(self.SETTINGS_MODULE)
          ^^^^^^^^^^^^^^^^^^^^^^^^^^^^^^^^^^^^^^^^^^^^^
  File "/home/jules/.pyenv/versions/3.12.13/lib/python3.12/importlib/__init__.py", line 90, in import_module
    return _bootstrap._gcd_import(name[level:], package, level)
           ^^^^^^^^^^^^^^^^^^^^^^^^^^^^^^^^^^^^^^^^^^^^^^^^^^^^
  File "<frozen importlib._bootstrap>", line 1387, in _gcd_import
  File "<frozen importlib._bootstrap>", line 1360, in _find_and_load
  File "<frozen importlib._bootstrap>", line 1331, in _find_and_load_unlocked
  File "<frozen importlib._bootstrap>", line 935, in _load_unlocked
  File "<frozen importlib._bootstrap_external>", line 999, in exec_module
  File "<frozen importlib._bootstrap>", line 488, in _call_with_frames_removed
  File "/app/pharmascan_project/settings.py", line 8, in <module>
    import dj_database_url
ModuleNotFoundError: No module named 'dj_database_url'

During handling of the above exception, another exception occurred:

Traceback (most recent call last):
  File "/app/manage.py", line 23, in <module>
    main()
  File "/app/manage.py", line 19, in main
    execute_from_command_line(sys.argv)
  File "/home/jules/.pyenv/versions/3.12.13/lib/python3.12/site-packages/django/core/management/__init__.py", line 442, in execute_from_command_line
    utility.execute()
  File "/home/jules/.pyenv/versions/3.12.13/lib/python3.12/site-packages/django/core/management/__init__.py", line 436, in execute
    self.fetch_command(subcommand).run_from_argv(self.argv)
  File "/home/jules/.pyenv/versions/3.12.13/lib/python3.12/site-packages/django/core/management/base.py", line 433, in run_from_argv
    connections.close_all()
  File "/home/jules/.pyenv/versions/3.12.13/lib/python3.12/site-packages/django/utils/connection.py", line 84, in close_all
    for conn in self.all(initialized_only=True):
                ^^^^^^^^^^^^^^^^^^^^^^^^^^^^^^^
  File "/home/jules/.pyenv/versions/3.12.13/lib/python3.12/site-packages/django/utils/connection.py", line 78, in all
    for alias in self
                 ^^^^
  File "/home/jules/.pyenv/versions/3.12.13/lib/python3.12/site-packages/django/utils/connection.py", line 73, in __iter__
    return iter(self.settings)
                ^^^^^^^^^^^^^
  File "/home/jules/.pyenv/versions/3.12.13/lib/python3.12/site-packages/django/utils/functional.py", line 47, in __get__
    res = instance.__dict__[self.name] = self.func(instance)
                                         ^^^^^^^^^^^^^^^^^^^
  File "/home/jules/.pyenv/versions/3.12.13/lib/python3.12/site-packages/django/utils/connection.py", line 45, in settings
    self._settings = self.configure_settings(self._settings)
                     ^^^^^^^^^^^^^^^^^^^^^^^^^^^^^^^^^^^^^^^
  File "/home/jules/.pyenv/versions/3.12.13/lib/python3.12/site-packages/django/db/utils.py", line 148, in configure_settings
    databases = super().configure_settings(databases)
                ^^^^^^^^^^^^^^^^^^^^^^^^^^^^^^^^^^^^^
  File "/home/jules/.pyenv/versions/3.12.13/lib/python3.12/site-packages/django/utils/connection.py", line 50, in configure_settings
    settings = getattr(django_settings, self.settings_name)
               ^^^^^^^^^^^^^^^^^^^^^^^^^^^^^^^^^^^^^^^^^^^^
  File "/home/jules/.pyenv/versions/3.12.13/lib/python3.12/site-packages/django/conf/__init__.py", line 81, in __getattr__
    self._setup(name)
  File "/home/jules/.pyenv/versions/3.12.13/lib/python3.12/site-packages/django/conf/__init__.py", line 68, in _setup
    self._wrapped = Settings(settings_module)
                    ^^^^^^^^^^^^^^^^^^^^^^^^^
  File "/home/jules/.pyenv/versions/3.12.13/lib/python3.12/site-packages/django/conf/__init__.py", line 166, in __init__
    mod = importlib.import_module(self.SETTINGS_MODULE)
          ^^^^^^^^^^^^^^^^^^^^^^^^^^^^^^^^^^^^^^^^^^^^^
  File "/home/jules/.pyenv/versions/3.12.13/lib/python3.12/importlib/__init__.py", line 90, in import_module
    return _bootstrap._gcd_import(name[level:], package, level)
           ^^^^^^^^^^^^^^^^^^^^^^^^^^^^^^^^^^^^^^^^^^^^^^^^^^^^
  File "<frozen importlib._bootstrap>", line 1387, in _gcd_import
  File "<frozen importlib._bootstrap>", line 1360, in _find_and_load
  File "<frozen importlib._bootstrap>", line 1331, in _find_and_load_unlocked
  File "<frozen importlib._bootstrap>", line 935, in _load_unlocked
  File "<frozen importlib._bootstrap_external>", line 999, in exec_module
  File "<frozen importlib._bootstrap>", line 488, in _call_with_frames_removed
  File "/app/pharmascan_project/settings.py", line 8, in <module>
    import dj_database_url
ModuleNotFoundError: No module named 'dj_database_url'
